<?xml version="1.0" encoding="UTF-8"?>
<testng-results ignored="0" total="0" passed="0" failed="0" skipped="0">
  <reporter-output>
  </reporter-output>
  <suite started-at="2023-11-23T16:37:42 GMT" name="Command line suite" finished-at="2023-11-23T16:37:42 GMT" duration-ms="76">
    <groups>
    </groups>
    <test started-at="2023-11-23T16:37:42 GMT" name="Command line test" finished-at="2023-11-23T16:37:42 GMT" duration-ms="76">
    </test> <!-- Command line test -->
  </suite> <!-- Command line suite -->
</testng-results>
